Room Challenge 3D/Project/Library/Bee/Android/Prj/Mono2x/Gradle/launcher/build/intermediates/manifest_merge_blame_file/release/manifest-merger-blame-release-report.txt
1<?xml version="1.0" encoding="utf-8"?>
2<manifest xmlns:android="http://schemas.android.com/apk/res/android"
3    package="com.DefaultCompany.Project"
4    android:installLocation="preferExternal"
5    android:versionCode="1"
6    android:versionName="1.0.2" >
7
8    <uses-sdk
9        android:minSdkVersion="30"
9-->src\main\AndroidManifest.xml
10        android:targetSdkVersion="35" />
10-->src\main\AndroidManifest.xml
11
12    <supports-screens
12-->src\main\AndroidManifest.xml:4:3-163
13        android:anyDensity="true"
13-->src\main\AndroidManifest.xml:4:135-160
14        android:largeScreens="true"
14-->src\main\AndroidManifest.xml:4:78-105
15        android:normalScreens="true"
15-->src\main\AndroidManifest.xml:4:49-77
16        android:smallScreens="true"
16-->src\main\AndroidManifest.xml:4:21-48
17        android:xlargeScreens="true" />
17-->src\main\AndroidManifest.xml:4:106-134
18
19    <uses-feature android:glEsVersion="0x00030000" />
19-->[:unityLibrary] AndroidManifest.xml:8:5-54
19-->[:unityLibrary] AndroidManifest.xml:8:19-51
20    <uses-feature
20-->[:unityLibrary] AndroidManifest.xml:9:5-11:36
21        android:name="android.hardware.vulkan.version"
21-->[:unityLibrary] AndroidManifest.xml:10:9-55
22        android:required="false" />
22-->[:unityLibrary] AndroidManifest.xml:11:9-33
23    <uses-feature
23-->[:unityLibrary] AndroidManifest.xml:12:5-14:36
24        android:name="android.hardware.touchscreen"
24-->[:unityLibrary] AndroidManifest.xml:13:9-52
25        android:required="false" />
25-->[:unityLibrary] AndroidManifest.xml:14:9-33
26    <uses-feature
26-->[:unityLibrary] AndroidManifest.xml:15:5-17:36
27        android:name="android.hardware.touchscreen.multitouch"
27-->[:unityLibrary] AndroidManifest.xml:16:9-63
28        android:required="false" />
28-->[:unityLibrary] AndroidManifest.xml:17:9-33
29    <uses-feature
29-->[:unityLibrary] AndroidManifest.xml:18:5-20:36
30        android:name="android.hardware.touchscreen.multitouch.distinct"
30-->[:unityLibrary] AndroidManifest.xml:19:9-72
31        android:required="false" /> <!-- Although the *SdkVersion is captured in gradle build files, this is required for non gradle builds -->
31-->[:unityLibrary] AndroidManifest.xml:20:9-33
32    <!-- <uses-sdk android:minSdkVersion="21"/> -->
33    <uses-permission android:name="android.permission.ACCESS_NETWORK_STATE" />
33-->[com.google.firebase:firebase-database:21.0.0] AndroidManifest.xml:22:5-79
33-->[com.google.firebase:firebase-database:21.0.0] AndroidManifest.xml:22:22-76
34    <uses-permission android:name="android.permission.INTERNET" />
34-->[com.google.firebase:firebase-database:21.0.0] AndroidManifest.xml:23:5-67
34-->[com.google.firebase:firebase-database:21.0.0] AndroidManifest.xml:23:22-64
35    <uses-permission android:name="android.permission.WAKE_LOCK" />
35-->[com.google.android.gms:play-services-measurement:22.1.2] AndroidManifest.xml:25:5-68
35-->[com.google.android.gms:play-services-measurement:22.1.2] AndroidManifest.xml:25:22-65
36    <uses-permission android:name="com.google.android.finsky.permission.BIND_GET_INSTALL_REFERRER_SERVICE" />
36-->[com.google.android.gms:play-services-measurement:22.1.2] AndroidManifest.xml:26:5-110
36-->[com.google.android.gms:play-services-measurement:22.1.2] AndroidManifest.xml:26:22-107
37    <uses-permission android:name="com.google.android.gms.permission.AD_ID" />
37-->[com.google.android.gms:play-services-measurement-impl:22.1.2] AndroidManifest.xml:27:5-79
37-->[com.google.android.gms:play-services-measurement-impl:22.1.2] AndroidManifest.xml:27:22-76
38    <uses-permission android:name="android.permission.ACCESS_ADSERVICES_ATTRIBUTION" />
38-->[com.google.android.gms:play-services-measurement-api:22.1.2] AndroidManifest.xml:26:5-88
38-->[com.google.android.gms:play-services-measurement-api:22.1.2] AndroidManifest.xml:26:22-85
39    <uses-permission android:name="android.permission.ACCESS_ADSERVICES_AD_ID" />
39-->[com.google.android.gms:play-services-measurement-api:22.1.2] AndroidManifest.xml:27:5-82
39-->[com.google.android.gms:play-services-measurement-api:22.1.2] AndroidManifest.xml:27:22-79
40    <uses-permission android:name="android.permission.POST_NOTIFICATIONS" />
40-->[:unityLibrary:mobilenotifications.androidlib] AndroidManifest.xml:7:5-77
40-->[:unityLibrary:mobilenotifications.androidlib] AndroidManifest.xml:7:22-74
41    <uses-permission android:name="com.google.android.providers.gsf.permission.READ_GSERVICES" />
41-->[com.google.android.recaptcha:recaptcha:18.5.1] AndroidManifest.xml:9:5-98
41-->[com.google.android.recaptcha:recaptcha:18.5.1] AndroidManifest.xml:9:22-95
42
43    <permission
43-->[androidx.core:core:1.9.0] AndroidManifest.xml:22:5-24:47
44        android:name="com.DefaultCompany.Project.DYNAMIC_RECEIVER_NOT_EXPORTED_PERMISSION"
44-->[androidx.core:core:1.9.0] AndroidManifest.xml:23:9-81
45        android:protectionLevel="signature" />
45-->[androidx.core:core:1.9.0] AndroidManifest.xml:24:9-44
46
47    <uses-permission android:name="com.DefaultCompany.Project.DYNAMIC_RECEIVER_NOT_EXPORTED_PERMISSION" />
47-->[androidx.core:core:1.9.0] AndroidManifest.xml:26:5-97
47-->[androidx.core:core:1.9.0] AndroidManifest.xml:26:22-94
48
49    <application
49-->src\main\AndroidManifest.xml:3:3-83
50        android:appComponentFactory="androidx.core.app.CoreComponentFactory"
50-->[androidx.core:core:1.9.0] AndroidManifest.xml:28:18-86
51        android:extractNativeLibs="true"
51-->[:unityLibrary] AndroidManifest.xml:22:18-50
52        android:icon="@mipmap/app_icon"
52-->src\main\AndroidManifest.xml:3:49-80
53        android:label="@string/app_name" >
53-->src\main\AndroidManifest.xml:3:16-48
54        <meta-data
54-->[:unityLibrary] AndroidManifest.xml:23:9-25:33
55            android:name="unity.splash-mode"
55-->[:unityLibrary] AndroidManifest.xml:24:13-45
56            android:value="0" />
56-->[:unityLibrary] AndroidManifest.xml:25:13-30
57        <meta-data
57-->[:unityLibrary] AndroidManifest.xml:26:9-28:36
58            android:name="unity.splash-enable"
58-->[:unityLibrary] AndroidManifest.xml:27:13-47
59            android:value="True" />
59-->[:unityLibrary] AndroidManifest.xml:28:13-33
60        <meta-data
60-->[:unityLibrary] AndroidManifest.xml:29:9-31:36
61            android:name="unity.launch-fullscreen"
61-->[:unityLibrary] AndroidManifest.xml:30:13-51
62            android:value="True" />
62-->[:unityLibrary] AndroidManifest.xml:31:13-33
63        <meta-data
63-->[:unityLibrary] AndroidManifest.xml:32:9-34:36
64            android:name="unity.render-outside-safearea"
64-->[:unityLibrary] AndroidManifest.xml:33:13-57
65            android:value="True" />
65-->[:unityLibrary] AndroidManifest.xml:34:13-33
66        <meta-data
66-->[:unityLibrary] AndroidManifest.xml:35:9-37:50
67            android:name="notch.config"
67-->[:unityLibrary] AndroidManifest.xml:36:13-40
68            android:value="portrait|landscape" />
68-->[:unityLibrary] AndroidManifest.xml:37:13-47
69        <meta-data
69-->[:unityLibrary] AndroidManifest.xml:38:9-40:36
70            android:name="unity.auto-report-fully-drawn"
70-->[:unityLibrary] AndroidManifest.xml:39:13-57
71            android:value="true" />
71-->[:unityLibrary] AndroidManifest.xml:40:13-33
72
73        <activity
73-->[:unityLibrary] AndroidManifest.xml:42:9-63:20
74            android:name="com.unity3d.player.UnityPlayerActivity"
74-->[:unityLibrary] AndroidManifest.xml:43:13-66
75            android:configChanges="mcc|mnc|locale|touchscreen|keyboard|keyboardHidden|navigation|orientation|screenLayout|uiMode|screenSize|smallestScreenSize|fontScale|layoutDirection|density"
75-->[:unityLibrary] AndroidManifest.xml:44:13-194
76            android:exported="true"
76-->[:unityLibrary] AndroidManifest.xml:45:13-36
77            android:hardwareAccelerated="false"
77-->[:unityLibrary] AndroidManifest.xml:46:13-48
78            android:launchMode="singleTask"
78-->[:unityLibrary] AndroidManifest.xml:47:13-44
79            android:resizeableActivity="false"
79-->[:unityLibrary] AndroidManifest.xml:48:13-47
80            android:screenOrientation="fullUser"
80-->[:unityLibrary] AndroidManifest.xml:49:13-49
81            android:theme="@style/UnityThemeSelector" >
81-->[:unityLibrary] AndroidManifest.xml:50:13-54
82            <intent-filter>
82-->[:unityLibrary] AndroidManifest.xml:51:13-55:29
83                <category android:name="android.intent.category.LAUNCHER" />
83-->[:unityLibrary] AndroidManifest.xml:52:17-77
83-->[:unityLibrary] AndroidManifest.xml:52:27-74
84
85                <action android:name="android.intent.action.MAIN" />
85-->[:unityLibrary] AndroidManifest.xml:54:17-69
85-->[:unityLibrary] AndroidManifest.xml:54:25-66
86            </intent-filter>
87
88            <meta-data
88-->[:unityLibrary] AndroidManifest.xml:57:13-59:40
89                android:name="unityplayer.UnityActivity"
89-->[:unityLibrary] AndroidManifest.xml:58:17-57
90                android:value="true" />
90-->[:unityLibrary] AndroidManifest.xml:59:17-37
91            <meta-data
91-->[:unityLibrary] AndroidManifest.xml:60:13-62:40
92                android:name="notch_support"
92-->[:unityLibrary] AndroidManifest.xml:61:17-45
93                android:value="true" />
93-->[:unityLibrary] AndroidManifest.xml:62:17-37
94        </activity>
95
96        <service
96-->[com.google.firebase:firebase-database:21.0.0] AndroidManifest.xml:26:9-35:19
97            android:name="com.google.firebase.components.ComponentDiscoveryService"
97-->[com.google.firebase:firebase-database:21.0.0] AndroidManifest.xml:27:13-84
98            android:directBootAware="true"
98-->[com.google.firebase:firebase-common:21.0.0] AndroidManifest.xml:32:13-43
99            android:exported="false" >
99-->[com.google.firebase:firebase-database:21.0.0] AndroidManifest.xml:28:13-37
100            <meta-data
100-->[com.google.firebase:firebase-database:21.0.0] AndroidManifest.xml:29:13-31:85
101                android:name="com.google.firebase.components:com.google.firebase.database.FirebaseDatabaseKtxRegistrar"
101-->[com.google.firebase:firebase-database:21.0.0] AndroidManifest.xml:30:17-120
102                android:value="com.google.firebase.components.ComponentRegistrar" />
102-->[com.google.firebase:firebase-database:21.0.0] AndroidManifest.xml:31:17-82
103            <meta-data
103-->[com.google.firebase:firebase-database:21.0.0] AndroidManifest.xml:32:13-34:85
104                android:name="com.google.firebase.components:com.google.firebase.database.DatabaseRegistrar"
104-->[com.google.firebase:firebase-database:21.0.0] AndroidManifest.xml:33:17-109
105                android:value="com.google.firebase.components.ComponentRegistrar" />
105-->[com.google.firebase:firebase-database:21.0.0] AndroidManifest.xml:34:17-82
106            <meta-data
106-->[com.google.firebase:firebase-auth:23.1.0] AndroidManifest.xml:69:13-71:85
107                android:name="com.google.firebase.components:com.google.firebase.auth.FirebaseAuthRegistrar"
107-->[com.google.firebase:firebase-auth:23.1.0] AndroidManifest.xml:70:17-109
108                android:value="com.google.firebase.components.ComponentRegistrar" />
108-->[com.google.firebase:firebase-auth:23.1.0] AndroidManifest.xml:71:17-82
109            <meta-data
109-->[com.google.android.gms:play-services-measurement-api:22.1.2] AndroidManifest.xml:37:13-39:85
110                android:name="com.google.firebase.components:com.google.firebase.analytics.connector.internal.AnalyticsConnectorRegistrar"
110-->[com.google.android.gms:play-services-measurement-api:22.1.2] AndroidManifest.xml:38:17-139
111                android:value="com.google.firebase.components.ComponentRegistrar" />
111-->[com.google.android.gms:play-services-measurement-api:22.1.2] AndroidManifest.xml:39:17-82
112            <meta-data
112-->[com.google.firebase:firebase-common-ktx:21.0.0] AndroidManifest.xml:12:13-14:85
113                android:name="com.google.firebase.components:com.google.firebase.ktx.FirebaseCommonLegacyRegistrar"
113-->[com.google.firebase:firebase-common-ktx:21.0.0] AndroidManifest.xml:13:17-116
114                android:value="com.google.firebase.components.ComponentRegistrar" />
114-->[com.google.firebase:firebase-common-ktx:21.0.0] AndroidManifest.xml:14:17-82
115            <meta-data
115-->[com.google.firebase:firebase-installations:17.0.1] AndroidManifest.xml:18:13-20:85
116                android:name="com.google.firebase.components:com.google.firebase.installations.FirebaseInstallationsRegistrar"
116-->[com.google.firebase:firebase-installations:17.0.1] AndroidManifest.xml:19:17-127
117                android:value="com.google.firebase.components.ComponentRegistrar" />
117-->[com.google.firebase:firebase-installations:17.0.1] AndroidManifest.xml:20:17-82
118            <meta-data
118-->[com.google.firebase:firebase-common:21.0.0] AndroidManifest.xml:35:13-37:85
119                android:name="com.google.firebase.components:com.google.firebase.FirebaseCommonKtxRegistrar"
119-->[com.google.firebase:firebase-common:21.0.0] AndroidManifest.xml:36:17-109
120                android:value="com.google.firebase.components.ComponentRegistrar" />
120-->[com.google.firebase:firebase-common:21.0.0] AndroidManifest.xml:37:17-82
121        </service>
122
123        <activity
123-->[com.google.firebase:firebase-auth:23.1.0] AndroidManifest.xml:29:9-46:20
124            android:name="com.google.firebase.auth.internal.GenericIdpActivity"
124-->[com.google.firebase:firebase-auth:23.1.0] AndroidManifest.xml:30:13-80
125            android:excludeFromRecents="true"
125-->[com.google.firebase:firebase-auth:23.1.0] AndroidManifest.xml:31:13-46
126            android:exported="true"
126-->[com.google.firebase:firebase-auth:23.1.0] AndroidManifest.xml:32:13-36
127            android:launchMode="singleTask"
127-->[com.google.firebase:firebase-auth:23.1.0] AndroidManifest.xml:33:13-44
128            android:theme="@android:style/Theme.Translucent.NoTitleBar" >
128-->[com.google.firebase:firebase-auth:23.1.0] AndroidManifest.xml:34:13-72
129            <intent-filter>
129-->[com.google.firebase:firebase-auth:23.1.0] AndroidManifest.xml:35:13-45:29
130                <action android:name="android.intent.action.VIEW" />
130-->[com.google.firebase:firebase-auth:23.1.0] AndroidManifest.xml:36:17-69
130-->[com.google.firebase:firebase-auth:23.1.0] AndroidManifest.xml:36:25-66
131
132                <category android:name="android.intent.category.DEFAULT" />
132-->[com.google.firebase:firebase-auth:23.1.0] AndroidManifest.xml:38:17-76
132-->[com.google.firebase:firebase-auth:23.1.0] AndroidManifest.xml:38:27-73
133                <category android:name="android.intent.category.BROWSABLE" />
133-->[com.google.firebase:firebase-auth:23.1.0] AndroidManifest.xml:39:17-78
133-->[com.google.firebase:firebase-auth:23.1.0] AndroidManifest.xml:39:27-75
134
135                <data
135-->[com.google.firebase:firebase-auth:23.1.0] AndroidManifest.xml:41:17-44:51
136                    android:host="firebase.auth"
136-->[com.google.firebase:firebase-auth:23.1.0] AndroidManifest.xml:42:21-49
137                    android:path="/"
137-->[com.google.firebase:firebase-auth:23.1.0] AndroidManifest.xml:43:21-37
138                    android:scheme="genericidp" />
138-->[com.google.firebase:firebase-auth:23.1.0] AndroidManifest.xml:44:21-48
139            </intent-filter>
140        </activity>
141        <activity
141-->[com.google.firebase:firebase-auth:23.1.0] AndroidManifest.xml:47:9-64:20
142            android:name="com.google.firebase.auth.internal.RecaptchaActivity"
142-->[com.google.firebase:firebase-auth:23.1.0] AndroidManifest.xml:48:13-79
143            android:excludeFromRecents="true"
143-->[com.google.firebase:firebase-auth:23.1.0] AndroidManifest.xml:49:13-46
144            android:exported="true"
144-->[com.google.firebase:firebase-auth:23.1.0] AndroidManifest.xml:50:13-36
145            android:launchMode="singleTask"
145-->[com.google.firebase:firebase-auth:23.1.0] AndroidManifest.xml:51:13-44
146            android:theme="@android:style/Theme.Translucent.NoTitleBar" >
146-->[com.google.firebase:firebase-auth:23.1.0] AndroidManifest.xml:52:13-72
147            <intent-filter>
147-->[com.google.firebase:firebase-auth:23.1.0] AndroidManifest.xml:53:13-63:29
148                <action android:name="android.intent.action.VIEW" />
148-->[com.google.firebase:firebase-auth:23.1.0] AndroidManifest.xml:36:17-69
148-->[com.google.firebase:firebase-auth:23.1.0] AndroidManifest.xml:36:25-66
149
150                <category android:name="android.intent.category.DEFAULT" />
150-->[com.google.firebase:firebase-auth:23.1.0] AndroidManifest.xml:38:17-76
150-->[com.google.firebase:firebase-auth:23.1.0] AndroidManifest.xml:38:27-73
151                <category android:name="android.intent.category.BROWSABLE" />
151-->[com.google.firebase:firebase-auth:23.1.0] AndroidManifest.xml:39:17-78
151-->[com.google.firebase:firebase-auth:23.1.0] AndroidManifest.xml:39:27-75
152
153                <data
153-->[com.google.firebase:firebase-auth:23.1.0] AndroidManifest.xml:41:17-44:51
154                    android:host="firebase.auth"
154-->[com.google.firebase:firebase-auth:23.1.0] AndroidManifest.xml:42:21-49
155                    android:path="/"
155-->[com.google.firebase:firebase-auth:23.1.0] AndroidManifest.xml:43:21-37
156                    android:scheme="recaptcha" />
156-->[com.google.firebase:firebase-auth:23.1.0] AndroidManifest.xml:44:21-48
157            </intent-filter>
158        </activity>
159
160        <service
160-->[androidx.credentials:credentials-play-services-auth:1.2.0-rc01] AndroidManifest.xml:24:9-32:19
161            android:name="androidx.credentials.playservices.CredentialProviderMetadataHolder"
161-->[androidx.credentials:credentials-play-services-auth:1.2.0-rc01] AndroidManifest.xml:25:13-94
162            android:enabled="true"
162-->[androidx.credentials:credentials-play-services-auth:1.2.0-rc01] AndroidManifest.xml:26:13-35
163            android:exported="false" >
163-->[androidx.credentials:credentials-play-services-auth:1.2.0-rc01] AndroidManifest.xml:27:13-37
164            <meta-data
164-->[androidx.credentials:credentials-play-services-auth:1.2.0-rc01] AndroidManifest.xml:29:13-31:104
165                android:name="androidx.credentials.CREDENTIAL_PROVIDER_KEY"
165-->[androidx.credentials:credentials-play-services-auth:1.2.0-rc01] AndroidManifest.xml:30:17-76
166                android:value="androidx.credentials.playservices.CredentialProviderPlayServicesImpl" />
166-->[androidx.credentials:credentials-play-services-auth:1.2.0-rc01] AndroidManifest.xml:31:17-101
167        </service>
168
169        <activity
169-->[androidx.credentials:credentials-play-services-auth:1.2.0-rc01] AndroidManifest.xml:34:9-41:20
170            android:name="androidx.credentials.playservices.HiddenActivity"
170-->[androidx.credentials:credentials-play-services-auth:1.2.0-rc01] AndroidManifest.xml:35:13-76
171            android:configChanges="orientation|screenSize|screenLayout|keyboardHidden"
171-->[androidx.credentials:credentials-play-services-auth:1.2.0-rc01] AndroidManifest.xml:36:13-87
172            android:enabled="true"
172-->[androidx.credentials:credentials-play-services-auth:1.2.0-rc01] AndroidManifest.xml:37:13-35
173            android:exported="false"
173-->[androidx.credentials:credentials-play-services-auth:1.2.0-rc01] AndroidManifest.xml:38:13-37
174            android:fitsSystemWindows="true"
174-->[androidx.credentials:credentials-play-services-auth:1.2.0-rc01] AndroidManifest.xml:39:13-45
175            android:theme="@style/Theme.Hidden" >
175-->[androidx.credentials:credentials-play-services-auth:1.2.0-rc01] AndroidManifest.xml:40:13-48
176        </activity>
177        <activity
177-->[com.google.android.gms:play-services-auth:20.7.0] AndroidManifest.xml:23:9-27:75
178            android:name="com.google.android.gms.auth.api.signin.internal.SignInHubActivity"
178-->[com.google.android.gms:play-services-auth:20.7.0] AndroidManifest.xml:24:13-93
179            android:excludeFromRecents="true"
179-->[com.google.android.gms:play-services-auth:20.7.0] AndroidManifest.xml:25:13-46
180            android:exported="false"
180-->[com.google.android.gms:play-services-auth:20.7.0] AndroidManifest.xml:26:13-37
181            android:theme="@android:style/Theme.Translucent.NoTitleBar" />
181-->[com.google.android.gms:play-services-auth:20.7.0] AndroidManifest.xml:27:13-72
182        <!--
183            Service handling Google Sign-In user revocation. For apps that do not integrate with
184            Google Sign-In, this service will never be started.
185        -->
186        <service
186-->[com.google.android.gms:play-services-auth:20.7.0] AndroidManifest.xml:33:9-37:51
187            android:name="com.google.android.gms.auth.api.signin.RevocationBoundService"
187-->[com.google.android.gms:play-services-auth:20.7.0] AndroidManifest.xml:34:13-89
188            android:exported="true"
188-->[com.google.android.gms:play-services-auth:20.7.0] AndroidManifest.xml:35:13-36
189            android:permission="com.google.android.gms.auth.api.signin.permission.REVOCATION_NOTIFICATION"
189-->[com.google.android.gms:play-services-auth:20.7.0] AndroidManifest.xml:36:13-107
190            android:visibleToInstantApps="true" />
190-->[com.google.android.gms:play-services-auth:20.7.0] AndroidManifest.xml:37:13-48
191
192        <receiver
192-->[com.google.android.gms:play-services-measurement:22.1.2] AndroidManifest.xml:29:9-33:20
193            android:name="com.google.android.gms.measurement.AppMeasurementReceiver"
193-->[com.google.android.gms:play-services-measurement:22.1.2] AndroidManifest.xml:30:13-85
194            android:enabled="true"
194-->[com.google.android.gms:play-services-measurement:22.1.2] AndroidManifest.xml:31:13-35
195            android:exported="false" >
195-->[com.google.android.gms:play-services-measurement:22.1.2] AndroidManifest.xml:32:13-37
196        </receiver>
197
198        <service
198-->[com.google.android.gms:play-services-measurement:22.1.2] AndroidManifest.xml:35:9-38:40
199            android:name="com.google.android.gms.measurement.AppMeasurementService"
199-->[com.google.android.gms:play-services-measurement:22.1.2] AndroidManifest.xml:36:13-84
200            android:enabled="true"
200-->[com.google.android.gms:play-services-measurement:22.1.2] AndroidManifest.xml:37:13-35
201            android:exported="false" />
201-->[com.google.android.gms:play-services-measurement:22.1.2] AndroidManifest.xml:38:13-37
202        <service
202-->[com.google.android.gms:play-services-measurement:22.1.2] AndroidManifest.xml:39:9-43:72
203            android:name="com.google.android.gms.measurement.AppMeasurementJobService"
203-->[com.google.android.gms:play-services-measurement:22.1.2] AndroidManifest.xml:40:13-87
204            android:enabled="true"
204-->[com.google.android.gms:play-services-measurement:22.1.2] AndroidManifest.xml:41:13-35
205            android:exported="false"
205-->[com.google.android.gms:play-services-measurement:22.1.2] AndroidManifest.xml:42:13-37
206            android:permission="android.permission.BIND_JOB_SERVICE" />
206-->[com.google.android.gms:play-services-measurement:22.1.2] AndroidManifest.xml:43:13-69
207
208        <activity
208-->[com.google.android.gms:play-services-base:18.5.0] AndroidManifest.xml:5:9-173
209            android:name="com.google.android.gms.common.api.GoogleApiActivity"
209-->[com.google.android.gms:play-services-base:18.5.0] AndroidManifest.xml:5:19-85
210            android:exported="false"
210-->[com.google.android.gms:play-services-base:18.5.0] AndroidManifest.xml:5:146-170
211            android:theme="@android:style/Theme.Translucent.NoTitleBar" />
211-->[com.google.android.gms:play-services-base:18.5.0] AndroidManifest.xml:5:86-145
212
213        <property
213-->[com.google.android.gms:play-services-measurement-api:22.1.2] AndroidManifest.xml:30:9-32:61
214            android:name="android.adservices.AD_SERVICES_CONFIG"
214-->[com.google.android.gms:play-services-measurement-api:22.1.2] AndroidManifest.xml:31:13-65
215            android:resource="@xml/ga_ad_services_config" />
215-->[com.google.android.gms:play-services-measurement-api:22.1.2] AndroidManifest.xml:32:13-58
216
217        <provider
217-->[com.google.firebase:firebase-common:21.0.0] AndroidManifest.xml:23:9-28:39
218            android:name="com.google.firebase.provider.FirebaseInitProvider"
218-->[com.google.firebase:firebase-common:21.0.0] AndroidManifest.xml:24:13-77
219            android:authorities="com.DefaultCompany.Project.firebaseinitprovider"
219-->[com.google.firebase:firebase-common:21.0.0] AndroidManifest.xml:25:13-72
220            android:directBootAware="true"
220-->[com.google.firebase:firebase-common:21.0.0] AndroidManifest.xml:26:13-43
221            android:exported="false"
221-->[com.google.firebase:firebase-common:21.0.0] AndroidManifest.xml:27:13-37
222            android:initOrder="100" />
222-->[com.google.firebase:firebase-common:21.0.0] AndroidManifest.xml:28:13-36
223
224        <receiver
224-->[:unityLibrary:mobilenotifications.androidlib] AndroidManifest.xml:10:9-12:40
225            android:name="com.unity.androidnotifications.UnityNotificationManager"
225-->[:unityLibrary:mobilenotifications.androidlib] AndroidManifest.xml:11:13-83
226            android:exported="false" />
226-->[:unityLibrary:mobilenotifications.androidlib] AndroidManifest.xml:12:13-37
227        <receiver
227-->[:unityLibrary:mobilenotifications.androidlib] AndroidManifest.xml:13:9-20:20
228            android:name="com.unity.androidnotifications.UnityNotificationRestartReceiver"
228-->[:unityLibrary:mobilenotifications.androidlib] AndroidManifest.xml:14:13-91
229            android:enabled="false"
229-->[:unityLibrary:mobilenotifications.androidlib] AndroidManifest.xml:15:13-36
230            android:exported="false" >
230-->[:unityLibrary:mobilenotifications.androidlib] AndroidManifest.xml:16:13-37
231            <intent-filter>
231-->[:unityLibrary:mobilenotifications.androidlib] AndroidManifest.xml:17:13-19:29
232                <action android:name="android.intent.action.BOOT_COMPLETED" />
232-->[:unityLibrary:mobilenotifications.androidlib] AndroidManifest.xml:18:17-79
232-->[:unityLibrary:mobilenotifications.androidlib] AndroidManifest.xml:18:25-76
233            </intent-filter>
234        </receiver>
235
236        <meta-data
236-->[:unityLibrary:mobilenotifications.androidlib] AndroidManifest.xml:22:9-24:33
237            android:name="com.unity.androidnotifications.exact_scheduling"
237-->[:unityLibrary:mobilenotifications.androidlib] AndroidManifest.xml:23:13-75
238            android:value="0" />
238-->[:unityLibrary:mobilenotifications.androidlib] AndroidManifest.xml:24:13-30
239
240        <uses-library
240-->[androidx.privacysandbox.ads:ads-adservices:1.0.0-beta05] AndroidManifest.xml:23:9-25:40
241            android:name="android.ext.adservices"
241-->[androidx.privacysandbox.ads:ads-adservices:1.0.0-beta05] AndroidManifest.xml:24:13-50
242            android:required="false" />
242-->[androidx.privacysandbox.ads:ads-adservices:1.0.0-beta05] AndroidManifest.xml:25:13-37
243
244        <meta-data
244-->[com.google.android.gms:play-services-basement:18.4.0] AndroidManifest.xml:6:9-122
245            android:name="com.google.android.gms.version"
245-->[com.google.android.gms:play-services-basement:18.4.0] AndroidManifest.xml:6:20-65
246            android:value="@integer/google_play_services_version" /> <!-- The activities will be merged into the manifest of the hosting app. -->
246-->[com.google.android.gms:play-services-basement:18.4.0] AndroidManifest.xml:6:66-119
247        <activity
247-->[com.google.android.play:core-common:2.0.3] AndroidManifest.xml:14:9-18:65
248            android:name="com.google.android.play.core.common.PlayCoreDialogWrapperActivity"
248-->[com.google.android.play:core-common:2.0.3] AndroidManifest.xml:15:13-93
249            android:exported="false"
249-->[com.google.android.play:core-common:2.0.3] AndroidManifest.xml:16:13-37
250            android:stateNotNeeded="true"
250-->[com.google.android.play:core-common:2.0.3] AndroidManifest.xml:17:13-42
251            android:theme="@style/Theme.PlayCore.Transparent" />
251-->[com.google.android.play:core-common:2.0.3] AndroidManifest.xml:18:13-62
252    </application>
253
254</manifest>